<?xml version="1.0" encoding="UTF-8"?>
<!-- Generated by org.testng.reporters.JUnitReportReporter -->
<testsuite hostname="DESKTOP-K5FN7OQ" failures="0" tests="2" name="com.myFileZillaTest.FileZillaTest" time="36.496" errors="0" timestamp="2023-07-28T12:26:42 BDT" skipped="0">
  <testcase classname="com.myFileZillaTest.FileZillaTest" name="testFtpConnection" time="26.980"/>
  <system-out/>
  <testcase classname="com.myFileZillaTest.FileZillaTest" name="traverseMenu" time="9.516"/>
  <system-out/>
</testsuite> <!-- com.myFileZillaTest.FileZillaTest -->
